#
# There is insufficient memory for the Java Runtime Environment to continue.
# Native memory allocation (malloc) failed to allocate 165456 bytes for Chunk::new
# Possible reasons:
#   The system is out of physical RAM or swap space
#   The process is running with CompressedOops enabled, and the Java Heap may be blocking the growth of the native heap
# Possible solutions:
#   Reduce memory load on the system
#   Increase physical memory or swap space
#   Check if swap backing store is full
#   Decrease Java heap size (-Xmx/-Xms)
#   Decrease number of Java threads
#   Decrease Java thread stack sizes (-Xss)
#   Set larger code cache with -XX:ReservedCodeCacheSize=
#   JVM is running with Unscaled Compressed Oops mode in which the Java heap is
#     placed in the first 4GB address space. The Java Heap base address is the
#     maximum limit for the native heap growth. Please use -XX:HeapBaseMinAddress
#     to set the Java Heap base and to place the Java Heap above 4GB virtual address.
# This output file may be truncated or incomplete.
#
#  Out of Memory Error (allocation.cpp:389), pid=12076, tid=0x0000000000002a24
#
# JRE version: OpenJDK Runtime Environment (8.0_212-b04) (build 1.8.0_212-release-1586-b04)
# Java VM: OpenJDK 64-Bit Server VM (25.212-b04 mixed mode windows-amd64 compressed oops)
# Failed to write core dump. Minidumps are not enabled by default on client versions of Windows
#

---------------  T H R E A D  ---------------

Current thread (0x000000001606c800):  JavaThread "C2 CompilerThread0" daemon [_thread_in_native, id=10788, stack(0x00000000176c0000,0x00000000177c0000)]

Stack: [0x00000000176c0000,0x00000000177c0000]
[error occurred during error reporting (printing stack bounds), id 0xc0000005]

Native frames: (J=compiled Java code, j=interpreted, Vv=VM code, C=native code)


Current CompileTask:
C2:3076383 10878       4       org.gradle.internal.component.model.ComponentAttributeMatcher::isMatching (147 bytes)


---------------  P R O C E S S  ---------------

Java Threads: ( => current thread )
  0x000000001f397000 JavaThread "stdout" [_thread_in_native, id=10144, stack(0x0000000025a40000,0x0000000025b40000)]
  0x000000001f391800 JavaThread "stderr" [_thread_in_native, id=3160, stack(0x0000000025940000,0x0000000025a40000)]
  0x000000001d07e800 JavaThread "pool-4-thread-1" [_thread_blocked, id=10452, stack(0x0000000025840000,0x0000000025940000)]
  0x000000001d073000 JavaThread "WorkerExecutor Queue" [_thread_blocked, id=13440, stack(0x0000000025740000,0x0000000025840000)]
  0x000000001d072800 JavaThread "Cache worker for execution history cache (D:\covid19india\.gradle\5.6.4\executionHistory)" [_thread_blocked, id=2496, stack(0x0000000025440000,0x0000000025540000)]
  0x000000001d071800 JavaThread "Execution worker for ':' Thread 3" [_thread_blocked, id=7556, stack(0x0000000025110000,0x0000000025210000)]
  0x000000001d078800 JavaThread "Execution worker for ':' Thread 2" [_thread_blocked, id=7716, stack(0x0000000025010000,0x0000000025110000)]
  0x000000001d075800 JavaThread "Execution worker for ':'" [_thread_blocked, id=8320, stack(0x0000000024f10000,0x0000000025010000)]
  0x000000001d077800 JavaThread "Cache worker for file content cache (D:\covid19india\.gradle\5.6.4\fileContent)" [_thread_blocked, id=2908, stack(0x0000000024e10000,0x0000000024f10000)]
  0x000000001d070000 JavaThread "Cache worker for file content cache (C:\Users\CM\.gradle\caches\5.6.4\fileContent)" [_thread_blocked, id=11564, stack(0x0000000024d10000,0x0000000024e10000)]
  0x000000001d074800 JavaThread "Cache worker for Build Output Cleanup Cache (D:\covid19india\.gradle\buildOutputCleanup)" [_thread_blocked, id=12148, stack(0x00000000241f0000,0x00000000242f0000)]
  0x000000001d077000 JavaThread "Build operations Thread 4" [_thread_blocked, id=13276, stack(0x0000000022370000,0x0000000022470000)]
  0x000000001d076000 JavaThread "Build operations Thread 3" [_thread_blocked, id=4608, stack(0x0000000021a70000,0x0000000021b70000)]
  0x0000000017fd9800 JavaThread "Build operations Thread 2" [_thread_blocked, id=8556, stack(0x0000000021970000,0x0000000021a70000)]
  0x0000000017fd4800 JavaThread "Build operations" [_thread_blocked, id=11716, stack(0x00000000212a0000,0x00000000213a0000)]
  0x000000001d41c800 JavaThread "Cache worker for cache directory md-rule (C:\Users\CM\.gradle\caches\5.6.4\md-rule)" [_thread_blocked, id=9816, stack(0x0000000021650000,0x0000000021750000)]
  0x000000001d41a800 JavaThread "Cache worker for cache directory md-supplier (C:\Users\CM\.gradle\caches\5.6.4\md-supplier)" [_thread_blocked, id=11272, stack(0x000000001fad0000,0x000000001fbd0000)]
  0x000000001d415800 JavaThread "Cache worker for file hash cache (D:\covid19india\.gradle\5.6.4\fileHashes)" [_thread_blocked, id=4944, stack(0x000000001f6e0000,0x000000001f7e0000)]
  0x000000001d419800 JavaThread "Thread-29" [_thread_blocked, id=12344, stack(0x000000001e580000,0x000000001e680000)]
  0x000000001d41c000 JavaThread "Stdin handler" [_thread_blocked, id=7136, stack(0x000000001b8e0000,0x000000001b9e0000)]
  0x000000001d41b000 JavaThread "Asynchronous log dispatcher for DefaultDaemonConnection: socket connection from /127.0.0.1:59804 to /127.0.0.1:61501" [_thread_blocked, id=12852, stack(0x000000001b5e0000,0x000000001b6e0000)]
  0x000000001d419000 JavaThread "Daemon worker Thread 2" [_thread_in_native, id=10540, stack(0x000000001b4e0000,0x000000001b5e0000)]
  0x000000001d411000 JavaThread "Cancel handler" [_thread_blocked, id=6848, stack(0x000000001b1e0000,0x000000001b2e0000)]
  0x000000001d414000 JavaThread "Handler for socket connection from /127.0.0.1:59804 to /127.0.0.1:61501" [_thread_in_native, id=8116, stack(0x000000001b0e0000,0x000000001b1e0000)]
  0x000000001d415000 JavaThread "Daemon Thread 2" [_thread_blocked, id=8112, stack(0x0000000000a70000,0x0000000000b70000)]
  0x000000001d412800 JavaThread "Memory manager" [_thread_blocked, id=5824, stack(0x0000000022c70000,0x0000000022d70000)]
  0x000000001d40d800 JavaThread "Cache worker for execution history cache (C:\Users\CM\.gradle\caches\5.6.4\executionHistory)" [_thread_blocked, id=8536, stack(0x000000001fdd0000,0x000000001fed0000)]
  0x0000000017fd3000 JavaThread "Cache worker for journal cache (C:\Users\CM\.gradle\caches\journal-1)" [_thread_blocked, id=13252, stack(0x000000001bde0000,0x000000001bee0000)]
  0x0000000017fd7800 JavaThread "File lock request listener" [_thread_in_native, id=1236, stack(0x000000001bce0000,0x000000001bde0000)]
  0x0000000017fd5000 JavaThread "Cache worker for file hash cache (C:\Users\CM\.gradle\caches\5.6.4\fileHashes)" [_thread_blocked, id=10220, stack(0x000000001bbe0000,0x000000001bce0000)]
  0x0000000019956000 JavaThread "Daemon periodic checks" [_thread_blocked, id=13056, stack(0x000000001afe0000,0x000000001b0e0000)]
  0x0000000019953800 JavaThread "Incoming local TCP Connector on port 59804" [_thread_in_native, id=2196, stack(0x000000001ada0000,0x000000001aea0000)]
  0x0000000019875000 JavaThread "Daemon health stats" [_thread_blocked, id=7012, stack(0x000000001a760000,0x000000001a860000)]
  0x00000000160cd800 JavaThread "Service Thread" daemon [_thread_blocked, id=13924, stack(0x0000000017dc0000,0x0000000017ec0000)]
  0x00000000160c8000 JavaThread "C1 CompilerThread2" daemon [_thread_blocked, id=12184, stack(0x0000000017cc0000,0x0000000017dc0000)]
  0x00000000160c5000 JavaThread "C2 CompilerThread1" daemon [_thread_blocked, id=10328, stack(0x00000000177c0000,0x00000000178c0000)]
=>0x000000001606c800 JavaThread "C2 CompilerThread0" daemon [_thread_in_native, id=10788, stack(0x00000000176c0000,0x00000000177c0000)]
  0x000000001606b000 JavaThread "Attach Listener" daemon [_thread_blocked, id=8848, stack(0x00000000175c0000,0x00000000176c0000)]
  0x0000000016069800 JavaThread "Signal Dispatcher" daemon [_thread_blocked, id=1932, stack(0x00000000174c0000,0x00000000175c0000)]
  0x00000000026f9800 JavaThread "Finalizer" daemon [_thread_blocked, id=5856, stack(0x00000000172c0000,0x00000000173c0000)]
  0x00000000026f1000 JavaThread "Reference Handler" daemon [_thread_blocked, id=10496, stack(0x00000000171c0000,0x00000000172c0000)]
  0x00000000023fd800 JavaThread "main" [_thread_blocked, id=8948, stack(0x0000000002500000,0x0000000002600000)]

Other Threads:
  0x0000000016036800 VMThread [stack: 0x00000000170c0000,0x00000000171c0000] [id=14156]
  0x00000000178e2000 WatcherThread [stack: 0x0000000017ec0000,0x0000000017fc0000] [id=4024]

VM state:not at safepoint (normal execution)

VM Mutex/Monitor currently owned by a thread: None

heap address: 0x00000000a0000000, size: 1536 MB, Compressed Oops mode: 32-bit
Narrow klass base: 0x0000000000000000, Narrow klass shift: 3
Compressed class space size: 1073741824 Address: 0x0000000100000000

Heap:
 PSYoungGen      total 478720K, used 268241K [0x00000000e0000000, 0x00000000ffe00000, 0x0000000100000000)
  eden space 456192K, 53% used [0x00000000e0000000,0x00000000eeff9360,0x00000000fbd80000)
  from space 22528K, 99% used [0x00000000fe800000,0x00000000ffdfb480,0x00000000ffe00000)
  to   space 26624K, 0% used [0x00000000fca00000,0x00000000fca00000,0x00000000fe400000)
 ParOldGen       total 121856K, used 36860K [0x00000000a0000000, 0x00000000a7700000, 0x00000000e0000000)
  object space 121856K, 30% used [0x00000000a0000000,0x00000000a23ff0c0,0x00000000a7700000)
 Metaspace       used 75362K, capacity 79032K, committed 79256K, reserved 1118208K
  class space    used 10029K, capacity 10873K, committed 10920K, reserved 1048576K

Card table byte_map: [0x0000000011ac0000,0x0000000011dd0000] byte_map_base: 0x00000000115c0000

Marking Bits: (ParMarkBitMap*) 0x000000005c2a9f30
 Begin Bits: [0x00000000123d0000, 0x0000000013bd0000)
 End Bits:   [0x0000000013bd0000, 0x00000000153d0000)

Polling page: 0x0000000000720000

CodeCache: size=245760Kb used=31029Kb max_used=31478Kb free=214730Kb
 bounds [0x0000000002700000, 0x0000000004600000, 0x0000000011700000]
 total_blobs=10216 nmethods=9384 adapters=744
 compilation: enabled

Compilation events (10 events):
Event: 3076.199 Thread 0x00000000160c8000 nmethod 10875 0x0000000003b4ec10 code [0x0000000003b4ee20, 0x0000000003b4f728]
Event: 3076.199 Thread 0x00000000160c8000 10876       3       org.gradle.api.internal.file.collections.DefaultFileCollectionResolveContext::add (19 bytes)
Event: 3076.199 Thread 0x00000000160c8000 nmethod 10876 0x0000000003301690 code [0x0000000003301840, 0x0000000003301e18]
Event: 3076.201 Thread 0x00000000160c8000 10877       1       org.gradle.api.internal.provider.AbstractProviderWithValue::isPresent (2 bytes)
Event: 3076.201 Thread 0x00000000160c8000 nmethod 10877 0x00000000041c4810 code [0x00000000041c4960, 0x00000000041c4a70]
Event: 3076.201 Thread 0x000000001606c800 10878       4       org.gradle.internal.component.model.ComponentAttributeMatcher::isMatching (147 bytes)
Event: 3076.201 Thread 0x00000000160c5000 10879       4       org.gradle.api.internal.attributes.DefaultImmutableAttributes::isPresent (13 bytes)
Event: 3076.202 Thread 0x00000000160c5000 nmethod 10879 0x0000000003221510 code [0x0000000003221640, 0x00000000032216b8]
Event: 3076.203 Thread 0x00000000160c8000 10880   !   3       org.gradle.api.internal.artifacts.ivyservice.ResolvedFilesCollectingVisitor::visitArtifact (38 bytes)
Event: 3076.203 Thread 0x00000000160c8000 nmethod 10880 0x000000000303f910 code [0x000000000303faa0, 0x000000000303fe48]

GC Heap History (10 events):
Event: 6.543 GC heap before
{Heap before GC invocations=9 (full 2):
 PSYoungGen      total 206848K, used 12318K [0x00000000e0000000, 0x00000000f7b00000, 0x0000000100000000)
  eden space 194048K, 0% used [0x00000000e0000000,0x00000000e0000000,0x00000000ebd80000)
  from space 12800K, 96% used [0x00000000ebd80000,0x00000000ec987950,0x00000000eca00000)
  to   space 14336K, 0% used [0x00000000f6d00000,0x00000000f6d00000,0x00000000f7b00000)
 ParOldGen       total 64512K, used 8126K [0x00000000a0000000, 0x00000000a3f00000, 0x00000000e0000000)
  object space 64512K, 12% used [0x00000000a0000000,0x00000000a07ef958,0x00000000a3f00000)
 Metaspace       used 34711K, capacity 35442K, committed 35496K, reserved 1079296K
  class space    used 4778K, capacity 5026K, committed 5032K, reserved 1048576K
Event: 6.626 GC heap after
Heap after GC invocations=9 (full 2):
 PSYoungGen      total 206848K, used 0K [0x00000000e0000000, 0x00000000f7b00000, 0x0000000100000000)
  eden space 194048K, 0% used [0x00000000e0000000,0x00000000e0000000,0x00000000ebd80000)
  from space 12800K, 0% used [0x00000000ebd80000,0x00000000ebd80000,0x00000000eca00000)
  to   space 14336K, 0% used [0x00000000f6d00000,0x00000000f6d00000,0x00000000f7b00000)
 ParOldGen       total 87552K, used 19370K [0x00000000a0000000, 0x00000000a5580000, 0x00000000e0000000)
  object space 87552K, 22% used [0x00000000a0000000,0x00000000a12eabb8,0x00000000a5580000)
 Metaspace       used 34711K, capacity 35442K, committed 35496K, reserved 1079296K
  class space    used 4778K, capacity 5026K, committed 5032K, reserved 1048576K
}
Event: 8.758 GC heap before
{Heap before GC invocations=10 (full 2):
 PSYoungGen      total 206848K, used 194048K [0x00000000e0000000, 0x00000000f7b00000, 0x0000000100000000)
  eden space 194048K, 100% used [0x00000000e0000000,0x00000000ebd80000,0x00000000ebd80000)
  from space 12800K, 0% used [0x00000000ebd80000,0x00000000ebd80000,0x00000000eca00000)
  to   space 14336K, 0% used [0x00000000f6d00000,0x00000000f6d00000,0x00000000f7b00000)
 ParOldGen       total 87552K, used 19370K [0x00000000a0000000, 0x00000000a5580000, 0x00000000e0000000)
  object space 87552K, 22% used [0x00000000a0000000,0x00000000a12eabb8,0x00000000a5580000)
 Metaspace       used 52488K, capacity 54086K, committed 54312K, reserved 1095680K
  class space    used 6959K, capacity 7347K, committed 7464K, reserved 1048576K
Event: 8.780 GC heap after
Heap after GC invocations=10 (full 2):
 PSYoungGen      total 350208K, used 14306K [0x00000000e0000000, 0x00000000f7b00000, 0x0000000100000000)
  eden space 335872K, 0% used [0x00000000e0000000,0x00000000e0000000,0x00000000f4800000)
  from space 14336K, 99% used [0x00000000f6d00000,0x00000000f7af8888,0x00000000f7b00000)
  to   space 20480K, 0% used [0x00000000f5300000,0x00000000f5300000,0x00000000f6700000)
 ParOldGen       total 87552K, used 28967K [0x00000000a0000000, 0x00000000a5580000, 0x00000000e0000000)
  object space 87552K, 33% used [0x00000000a0000000,0x00000000a1c49d10,0x00000000a5580000)
 Metaspace       used 52488K, capacity 54086K, committed 54312K, reserved 1095680K
  class space    used 6959K, capacity 7347K, committed 7464K, reserved 1048576K
}
Event: 9.447 GC heap before
{Heap before GC invocations=11 (full 2):
 PSYoungGen      total 350208K, used 86279K [0x00000000e0000000, 0x00000000f7b00000, 0x0000000100000000)
  eden space 335872K, 21% used [0x00000000e0000000,0x00000000e4649708,0x00000000f4800000)
  from space 14336K, 99% used [0x00000000f6d00000,0x00000000f7af8888,0x00000000f7b00000)
  to   space 20480K, 0% used [0x00000000f5300000,0x00000000f5300000,0x00000000f6700000)
 ParOldGen       total 87552K, used 28967K [0x00000000a0000000, 0x00000000a5580000, 0x00000000e0000000)
  object space 87552K, 33% used [0x00000000a0000000,0x00000000a1c49d10,0x00000000a5580000)
 Metaspace       used 57141K, capacity 59040K, committed 59160K, reserved 1099776K
  class space    used 7757K, capacity 8211K, committed 8232K, reserved 1048576K
Event: 9.466 GC heap after
Heap after GC invocations=11 (full 2):
 PSYoungGen      total 367616K, used 18541K [0x00000000e0000000, 0x00000000ffe00000, 0x0000000100000000)
  eden space 347136K, 0% used [0x00000000e0000000,0x00000000e0000000,0x00000000f5300000)
  from space 20480K, 90% used [0x00000000f5300000,0x00000000f651b570,0x00000000f6700000)
  to   space 22528K, 0% used [0x00000000fe800000,0x00000000fe800000,0x00000000ffe00000)
 ParOldGen       total 87552K, used 29039K [0x00000000a0000000, 0x00000000a5580000, 0x00000000e0000000)
  object space 87552K, 33% used [0x00000000a0000000,0x00000000a1c5bd20,0x00000000a5580000)
 Metaspace       used 57141K, capacity 59040K, committed 59160K, reserved 1099776K
  class space    used 7757K, capacity 8211K, committed 8232K, reserved 1048576K
}
Event: 9.466 GC heap before
{Heap before GC invocations=12 (full 3):
 PSYoungGen      total 367616K, used 18541K [0x00000000e0000000, 0x00000000ffe00000, 0x0000000100000000)
  eden space 347136K, 0% used [0x00000000e0000000,0x00000000e0000000,0x00000000f5300000)
  from space 20480K, 90% used [0x00000000f5300000,0x00000000f651b570,0x00000000f6700000)
  to   space 22528K, 0% used [0x00000000fe800000,0x00000000fe800000,0x00000000ffe00000)
 ParOldGen       total 87552K, used 29039K [0x00000000a0000000, 0x00000000a5580000, 0x00000000e0000000)
  object space 87552K, 33% used [0x00000000a0000000,0x00000000a1c5bd20,0x00000000a5580000)
 Metaspace       used 57141K, capacity 59040K, committed 59160K, reserved 1099776K
  class space    used 7757K, capacity 8211K, committed 8232K, reserved 1048576K
Event: 9.641 GC heap after
Heap after GC invocations=12 (full 3):
 PSYoungGen      total 367616K, used 0K [0x00000000e0000000, 0x00000000ffe00000, 0x0000000100000000)
  eden space 347136K, 0% used [0x00000000e0000000,0x00000000e0000000,0x00000000f5300000)
  from space 20480K, 0% used [0x00000000f5300000,0x00000000f5300000,0x00000000f6700000)
  to   space 22528K, 0% used [0x00000000fe800000,0x00000000fe800000,0x00000000ffe00000)
 ParOldGen       total 121856K, used 33665K [0x00000000a0000000, 0x00000000a7700000, 0x00000000e0000000)
  object space 121856K, 27% used [0x00000000a0000000,0x00000000a20e06b8,0x00000000a7700000)
 Metaspace       used 57112K, capacity 58940K, committed 59160K, reserved 1099776K
  class space    used 7749K, capacity 8201K, committed 8232K, reserved 1048576K
}
Event: 3047.692 GC heap before
{Heap before GC invocations=13 (full 3):
 PSYoungGen      total 367616K, used 347136K [0x00000000e0000000, 0x00000000ffe00000, 0x0000000100000000)
  eden space 347136K, 100% used [0x00000000e0000000,0x00000000f5300000,0x00000000f5300000)
  from space 20480K, 0% used [0x00000000f5300000,0x00000000f5300000,0x00000000f6700000)
  to   space 22528K, 0% used [0x00000000fe800000,0x00000000fe800000,0x00000000ffe00000)
 ParOldGen       total 121856K, used 33665K [0x00000000a0000000, 0x00000000a7700000, 0x00000000e0000000)
  object space 121856K, 27% used [0x00000000a0000000,0x00000000a20e06b8,0x00000000a7700000)
 Metaspace       used 72115K, capacity 75422K, committed 75672K, reserved 1114112K
  class space    used 9638K, capacity 10398K, committed 10408K, reserved 1048576K
Event: 3047.741 GC heap after
Heap after GC invocations=13 (full 3):
 PSYoungGen      total 478720K, used 22509K [0x00000000e0000000, 0x00000000ffe00000, 0x0000000100000000)
  eden space 456192K, 0% used [0x00000000e0000000,0x00000000e0000000,0x00000000fbd80000)
  from space 22528K, 99% used [0x00000000fe800000,0x00000000ffdfb480,0x00000000ffe00000)
  to   space 26624K, 0% used [0x00000000fca00000,0x00000000fca00000,0x00000000fe400000)
 ParOldGen       total 121856K, used 36860K [0x00000000a0000000, 0x00000000a7700000, 0x00000000e0000000)
  object space 121856K, 30% used [0x00000000a0000000,0x00000000a23ff0c0,0x00000000a7700000)
 Metaspace       used 72115K, capacity 75422K, committed 75672K, reserved 1114112K
  class space    used 9638K, capacity 10398K, committed 10408K, reserved 1048576K
}

Deoptimization events (10 events):
Event: 3071.379 Thread 0x000000001d071800 Uncommon trap: reason=unstable_if action=reinterpret pc=0x0000000002899f30 method=java.lang.Character.isSurrogate(C)Z @ 3
Event: 3071.408 Thread 0x000000001d071800 Uncommon trap: reason=unstable_if action=reinterpret pc=0x00000000045a2640 method=sun.nio.cs.UTF_8$Encoder.encodeArrayLoop(Ljava/nio/CharBuffer;Ljava/nio/ByteBuffer;)Ljava/nio/charset/CoderResult; @ 175
Event: 3072.558 Thread 0x000000001d071800 Uncommon trap: reason=unstable_if action=reinterpret pc=0x0000000003266ff0 method=sun.nio.cs.UTF_8$Encoder.encodeArrayLoop(Ljava/nio/CharBuffer;Ljava/nio/ByteBuffer;)Ljava/nio/charset/CoderResult; @ 113
Event: 3074.416 Thread 0x000000001d071800 Uncommon trap: reason=unstable_if action=reinterpret pc=0x0000000004006ef8 method=org.apache.commons.io.FilenameUtils.doNormalize(Ljava/lang/String;CZ)Ljava/lang/String; @ 219
Event: 3074.470 Thread 0x000000001d071800 Uncommon trap: reason=array_check action=maybe_recompile pc=0x00000000042b9994 method=java.util.TimSort.binarySort([Ljava/lang/Object;IIILjava/util/Comparator;)V @ 183
Event: 3074.471 Thread 0x000000001d071800 Uncommon trap: reason=array_check action=maybe_recompile pc=0x00000000042b98cc method=java.util.TimSort.binarySort([Ljava/lang/Object;IIILjava/util/Comparator;)V @ 193
Event: 3074.471 Thread 0x000000001d071800 Uncommon trap: reason=array_check action=maybe_recompile pc=0x00000000042b9994 method=java.util.TimSort.binarySort([Ljava/lang/Object;IIILjava/util/Comparator;)V @ 183
Event: 3074.472 Thread 0x000000001d071800 Uncommon trap: reason=array_check action=maybe_recompile pc=0x00000000042b98cc method=java.util.TimSort.binarySort([Ljava/lang/Object;IIILjava/util/Comparator;)V @ 193
Event: 3075.338 Thread 0x000000001d078800 Uncommon trap: reason=unstable_if action=reinterpret pc=0x000000000433e490 method=com.google.common.cache.LocalCache$Segment.evictEntries(Lcom/google/common/cache/ReferenceEntry;)V @ 69
Event: 3075.971 Thread 0x000000001d073000 Uncommon trap: reason=array_check action=maybe_recompile pc=0x00000000045e4d70 method=java.util.TimSort.reverseRange([Ljava/lang/Object;II)V @ 20

Classes redefined (0 events):
No events

Internal exceptions (10 events):
Event: 3057.393 Thread 0x000000001d071800 Exception <a 'java/lang/NoSuchMethodError': java.lang.Object.lambda$comparingByKey$bbdbfea9$1(Ljava/util/Map$Entry;Ljava/util/Map$Entry;)I> (0x00000000ea66b480) thrown at [D:\src\AOSP-openjdk-cygwin\jdk8u\hotspot\src\share\vm\interpreter\linkResolver.cpp,
Event: 3061.312 Thread 0x000000001d071800 Implicit null exception at 0x0000000002982a9e to 0x0000000002982c21
Event: 3064.213 Thread 0x000000001d071800 Implicit null exception at 0x00000000044a2f1e to 0x00000000044a3385
Event: 3070.723 Thread 0x000000001d071800 Implicit null exception at 0x000000000446e475 to 0x000000000446e4f9
Event: 3070.774 Thread 0x000000001d071800 Implicit null exception at 0x000000000456647b to 0x000000000456749d
Event: 3074.470 Thread 0x000000001d071800 Exception <a 'java/lang/NoSuchMethodError': <clinit>> (0x00000000ee354d00) thrown at [D:\src\AOSP-openjdk-cygwin\jdk8u\hotspot\src\share\vm\prims\jni.cpp, line 1614]
Event: 3074.471 Thread 0x000000001d071800 Exception <a 'java/lang/NoSuchMethodError': <clinit>> (0x00000000ee365e10) thrown at [D:\src\AOSP-openjdk-cygwin\jdk8u\hotspot\src\share\vm\prims\jni.cpp, line 1614]
Event: 3074.472 Thread 0x000000001d071800 Exception <a 'java/lang/NoSuchMethodError': <clinit>> (0x00000000ee381830) thrown at [D:\src\AOSP-openjdk-cygwin\jdk8u\hotspot\src\share\vm\prims\jni.cpp, line 1614]
Event: 3074.472 Thread 0x000000001d071800 Exception <a 'java/lang/NoSuchMethodError': <clinit>> (0x00000000ee386718) thrown at [D:\src\AOSP-openjdk-cygwin\jdk8u\hotspot\src\share\vm\prims\jni.cpp, line 1614]
Event: 3074.473 Thread 0x000000001d071800 Exception <a 'java/lang/NoSuchMethodError': <clinit>> (0x00000000ee397648) thrown at [D:\src\AOSP-openjdk-cygwin\jdk8u\hotspot\src\share\vm\prims\jni.cpp, line 1614]

Events (10 events):
Event: 3076.121 Thread 0x00000000160c8000 flushing nmethod 0x000000000427f6d0
Event: 3076.121 Thread 0x00000000160c8000 flushing nmethod 0x00000000042c28d0
Event: 3076.165 loading class org/gradle/api/internal/provider/Collectors$ElementsFromCollection
Event: 3076.165 loading class org/gradle/api/internal/provider/Collectors$ElementsFromCollection done
Event: 3076.195 loading class org/gradle/internal/snapshot/impl/MapValueSnapshot
Event: 3076.195 loading class org/gradle/internal/snapshot/impl/MapValueSnapshot done
Event: 3076.199 Thread 0x000000001d419000 DEOPT PACKING pc=0x0000000003335463 sp=0x000000001b5dad70
Event: 3076.199 Thread 0x000000001d419000 DEOPT UNPACKING pc=0x00000000027475d0 sp=0x000000001b5daae0 mode 0
Event: 3076.200 loading class com/android/manifmerger/ManifestMerger2$Invoker$Feature
Event: 3076.200 loading class com/android/manifmerger/ManifestMerger2$Invoker$Feature done


Dynamic libraries:
0x00007ff633c80000 - 0x00007ff633cb1000 	D:\android studio\jre\bin\java.exe
0x00007ffdfc500000 - 0x00007ffdfc6f0000 	C:\WINDOWS\SYSTEM32\ntdll.dll
0x00007ffdfc2a0000 - 0x00007ffdfc352000 	C:\WINDOWS\System32\KERNEL32.DLL
0x00007ffdfa300000 - 0x00007ffdfa5a3000 	C:\WINDOWS\System32\KERNELBASE.dll
0x00007ffdfb960000 - 0x00007ffdfba03000 	C:\WINDOWS\System32\ADVAPI32.dll
0x00007ffdfb000000 - 0x00007ffdfb09e000 	C:\WINDOWS\System32\msvcrt.dll
0x00007ffdfb770000 - 0x00007ffdfb807000 	C:\WINDOWS\System32\sechost.dll
0x00007ffdfb840000 - 0x00007ffdfb960000 	C:\WINDOWS\System32\RPCRT4.dll
0x00007ffdfb1e0000 - 0x00007ffdfb374000 	C:\WINDOWS\System32\USER32.dll
0x00007ffdf9ad0000 - 0x00007ffdf9af1000 	C:\WINDOWS\System32\win32u.dll
0x00007ffdfad20000 - 0x00007ffdfad46000 	C:\WINDOWS\System32\GDI32.dll
0x00007ffdf9740000 - 0x00007ffdf98d4000 	C:\WINDOWS\System32\gdi32full.dll
0x00007ffdf9990000 - 0x00007ffdf9a2e000 	C:\WINDOWS\System32\msvcp_win.dll
0x00007ffdf9640000 - 0x00007ffdf973a000 	C:\WINDOWS\System32\ucrtbase.dll
0x00007ffde9fe0000 - 0x00007ffdea265000 	C:\WINDOWS\WinSxS\amd64_microsoft.windows.common-controls_6595b64144ccf1df_6.0.18362.778_none_e6c6b761130d4fb8\COMCTL32.dll
0x00007ffdfb430000 - 0x00007ffdfb766000 	C:\WINDOWS\System32\combase.dll
0x00007ffdf9a50000 - 0x00007ffdf9ad0000 	C:\WINDOWS\System32\bcryptPrimitives.dll
0x00007ffdfba20000 - 0x00007ffdfba4e000 	C:\WINDOWS\System32\IMM32.DLL
0x000000005c7b0000 - 0x000000005c882000 	D:\android studio\jre\jre\bin\msvcr100.dll
0x000000005bae0000 - 0x000000005c326000 	D:\android studio\jre\jre\bin\server\jvm.dll
0x00007ffdfc430000 - 0x00007ffdfc438000 	C:\WINDOWS\System32\PSAPI.DLL
0x00007ffdd75d0000 - 0x00007ffdd75d9000 	C:\WINDOWS\SYSTEM32\WSOCK32.dll
0x00007ffdf5e30000 - 0x00007ffdf5e54000 	C:\WINDOWS\SYSTEM32\WINMM.dll
0x00007ffdfbbb0000 - 0x00007ffdfbc1f000 	C:\WINDOWS\System32\WS2_32.dll
0x00007ffdf33d0000 - 0x00007ffdf33da000 	C:\WINDOWS\SYSTEM32\VERSION.dll
0x00007ffdf5e00000 - 0x00007ffdf5e2d000 	C:\WINDOWS\SYSTEM32\WINMMBASE.dll
0x00007ffdf9b00000 - 0x00007ffdf9b4a000 	C:\WINDOWS\System32\cfgmgr32.dll
0x00007ffdeca50000 - 0x00007ffdeca5f000 	D:\android studio\jre\jre\bin\verify.dll
0x00007ffdead10000 - 0x00007ffdead39000 	D:\android studio\jre\jre\bin\java.dll
0x00007ffdec120000 - 0x00007ffdec136000 	D:\android studio\jre\jre\bin\zip.dll
0x00007ffdfa5b0000 - 0x00007ffdfac95000 	C:\WINDOWS\System32\SHELL32.dll
0x00007ffdfb380000 - 0x00007ffdfb429000 	C:\WINDOWS\System32\shcore.dll
0x00007ffdf9b80000 - 0x00007ffdfa300000 	C:\WINDOWS\System32\windows.storage.dll
0x00007ffdf9410000 - 0x00007ffdf9433000 	C:\WINDOWS\System32\profapi.dll
0x00007ffdf9440000 - 0x00007ffdf948a000 	C:\WINDOWS\System32\powrprof.dll
0x00007ffdf93c0000 - 0x00007ffdf93d0000 	C:\WINDOWS\System32\UMPDC.dll
0x00007ffdfadb0000 - 0x00007ffdfae02000 	C:\WINDOWS\System32\shlwapi.dll
0x00007ffdf93f0000 - 0x00007ffdf9401000 	C:\WINDOWS\System32\kernel.appcore.dll
0x00007ffdf9a30000 - 0x00007ffdf9a47000 	C:\WINDOWS\System32\cryptsp.dll
0x00007ffdec090000 - 0x00007ffdec0aa000 	D:\android studio\jre\jre\bin\net.dll
0x00007ffdf1620000 - 0x00007ffdf17f5000 	C:\WINDOWS\SYSTEM32\urlmon.dll
0x00007ffdf1370000 - 0x00007ffdf1616000 	C:\WINDOWS\SYSTEM32\iertutil.dll
0x00007ffdf8e00000 - 0x00007ffdf8e0c000 	C:\WINDOWS\SYSTEM32\CRYPTBASE.DLL
0x00007ffdf8c30000 - 0x00007ffdf8c97000 	C:\WINDOWS\system32\mswsock.dll
0x00007ffde9720000 - 0x00007ffde9733000 	D:\android studio\jre\jre\bin\nio.dll
0x00007ffdec170000 - 0x00007ffdec196000 	C:\Users\CM\.gradle\native\30\windows-amd64\native-platform.dll
0x00007ffdec7b0000 - 0x00007ffdec7bd000 	D:\android studio\jre\jre\bin\management.dll
0x00007ffdf87a0000 - 0x00007ffdf87d3000 	C:\WINDOWS\system32\rsaenh.dll
0x00007ffdf9b50000 - 0x00007ffdf9b76000 	C:\WINDOWS\System32\bcrypt.dll
0x00007ffdf92e0000 - 0x00007ffdf9305000 	C:\WINDOWS\SYSTEM32\USERENV.dll
0x00007ffdf8940000 - 0x00007ffdf897a000 	C:\WINDOWS\SYSTEM32\IPHLPAPI.DLL
0x00007ffdfba10000 - 0x00007ffdfba18000 	C:\WINDOWS\System32\NSI.dll
0x00007ffdf2f10000 - 0x00007ffdf2f26000 	C:\WINDOWS\SYSTEM32\dhcpcsvc6.DLL
0x00007ffdf2ef0000 - 0x00007ffdf2f0c000 	C:\WINDOWS\SYSTEM32\dhcpcsvc.DLL
0x00007ffdf8980000 - 0x00007ffdf8a4a000 	C:\WINDOWS\SYSTEM32\DNSAPI.dll

VM Arguments:
jvm_args: -Xmx1536m -Dfile.encoding=windows-1252 -Duser.country=US -Duser.language=en -Duser.variant 
java_command: org.gradle.launcher.daemon.bootstrap.GradleDaemon 5.6.4
java_class_path (initial): C:\Users\CM\.gradle\wrapper\dists\gradle-5.6.4-all\ankdp27end7byghfw1q2sw75f\gradle-5.6.4\lib\gradle-launcher-5.6.4.jar
Launcher Type: SUN_STANDARD

Environment Variables:
PATH=C:\Program Files (x86)\Common Files\Oracle\Java\javapath;C:\ProgramData\Oracle\Java\javapath;C:\Program Files (x86)\Intel\iCLS Client\;C:\Program Files\Intel\iCLS Client\;C:\WINDOWS\system32;C:\WINDOWS;C:\WINDOWS\System32\Wbem;C:\WINDOWS\System32\WindowsPowerShell\v1.0\;C:\Program Files\Intel\Intel(R) Management Engine Components\DAL;C:\Program Files\Intel\Intel(R) Management Engine Components\IPT;C:\Program Files (x86)\Intel\Intel(R) Management Engine Components\DAL;C:\Program Files (x86)\Intel\Intel(R) Management Engine Components\IPT;C:\Program Files (x86)\ATI Technologies\ATI.ACE\Core-Static;C:\WINDOWS\System32\OpenSSH\;C:\Python35\Scripts;C:\Users\CM\AppData\Local\Programs\Python\Python38-32\Scripts\;C:\Users\CM\AppData\Local\Programs\Python\Python38-32\;C:\Users\CM\AppData\Local\Microsoft\WindowsApps;C:\Program Files\JetBrains\IntelliJ IDEA Community Edition 2019.1.3\bin;C:\Users\CM\AppData\Local\atom\bin;C:\Users\CM\AppData\Local\Microsoft\WindowsApps;
USERNAME=mridul
OS=Windows_NT
PROCESSOR_IDENTIFIER=Intel64 Family 6 Model 60 Stepping 3, GenuineIntel



---------------  S Y S T E M  ---------------

OS: Windows 10.0 , 64 bit Build 18362 (10.0.18362.778)

CPU:total 4 (initial active 4) (4 cores per cpu, 1 threads per core) family 6 model 60 stepping 3, cmov, cx8, fxsr, mmx, sse, sse2, sse3, ssse3, sse4.1, sse4.2, popcnt, avx, avx2, aes, clmul, erms, lzcnt, tsc, tscinvbit, bmi1, bmi2

Memory: 4k page, physical 12472544k(1562548k free), swap 12472544k(592k free)

vm_info: OpenJDK 64-Bit Server VM (25.212-b04) for windows-amd64 JRE (1.8.0_212-release-1586-b04), built by "builder" with MS VC++ 10.0 (VS2010)

time: Tue May 12 17:08:13 2020
timezone: India Standard Time
elapsed time: 3076 seconds (0d 0h 51m 16s)

